2025-02-18 13:43:54,327 INFO     database        데이터베이스 'xe' 연결 준비 중...
2025-02-18 13:43:54,327 INFO     database        데이터베이스 'xe' 연결 완료
2025-02-18 13:43:54,327 INFO     database        데이터베이스 'poc' 연결 준비 중...
2025-02-18 13:43:54,327 INFO     database        데이터베이스 'poc' 연결 완료
2025-02-18 13:43:54,327 INFO     database        데이터베이스 'xe' 연결 준비 중...
2025-02-18 13:43:54,327 INFO     database        데이터베이스 'xe' 연결 완료
2025-02-18 13:43:54,327 INFO     database        데이터베이스 'poc' 연결 준비 중...
2025-02-18 13:43:54,328 INFO     database        데이터베이스 'poc' 연결 완료
2025-02-18 13:43:55,361 INFO     database        데이터베이스 'xe' 연결 준비 중...
2025-02-18 13:43:55,361 INFO     database        데이터베이스 'xe' 연결 완료
2025-02-18 13:43:55,361 INFO     database        데이터베이스 'poc' 연결 준비 중...
2025-02-18 13:43:55,361 INFO     database        데이터베이스 'poc' 연결 완료
2025-02-18 13:43:56,070 INFO     database        데이터베이스 'xe' 연결 준비 중...
2025-02-18 13:43:56,070 INFO     database        데이터베이스 'xe' 연결 완료
2025-02-18 13:43:56,071 INFO     database        데이터베이스 'poc' 연결 준비 중...
2025-02-18 13:43:56,071 INFO     database        데이터베이스 'poc' 연결 완료
2025-02-18 13:43:56,071 INFO     database        데이터베이스 'xe' 연결 준비 중...
2025-02-18 13:43:56,071 INFO     database        데이터베이스 'xe' 연결 완료
2025-02-18 13:43:56,071 INFO     database        데이터베이스 'poc' 연결 준비 중...
2025-02-18 13:43:56,071 INFO     database        데이터베이스 'poc' 연결 완료
2025-02-18 13:43:56,572 INFO     database        데이터베이스 'xe' 연결 준비 중...
2025-02-18 13:43:56,572 INFO     database        데이터베이스 'xe' 연결 완료
2025-02-18 13:43:56,572 INFO     database        데이터베이스 'poc' 연결 준비 중...
2025-02-18 13:43:56,572 INFO     database        데이터베이스 'poc' 연결 완료
2025-02-18 13:43:57,315 INFO     database        데이터베이스 'xe' 연결 준비 중...
2025-02-18 13:43:57,316 INFO     database        데이터베이스 'xe' 연결 완료
2025-02-18 13:43:57,317 INFO     database        데이터베이스 'poc' 연결 준비 중...
2025-02-18 13:43:57,317 INFO     database        데이터베이스 'poc' 연결 완료
2025-02-18 13:43:57,317 INFO     database        데이터베이스 'xe' 연결 준비 중...
2025-02-18 13:43:57,317 INFO     database        데이터베이스 'xe' 연결 완료
2025-02-18 13:43:57,317 INFO     database        데이터베이스 'poc' 연결 준비 중...
2025-02-18 13:43:57,317 INFO     database        데이터베이스 'poc' 연결 완료
2025-02-18 13:43:57,814 INFO     database        데이터베이스 'xe' 연결 준비 중...
2025-02-18 13:43:57,814 INFO     database        데이터베이스 'xe' 연결 완료
2025-02-18 13:43:57,814 INFO     database        데이터베이스 'poc' 연결 준비 중...
2025-02-18 13:43:57,814 INFO     database        데이터베이스 'poc' 연결 완료
2025-02-18 13:43:58,721 INFO     database        데이터베이스 'xe' 연결 준비 중...
2025-02-18 13:43:58,722 INFO     database        데이터베이스 'xe' 연결 완료
2025-02-18 13:43:58,722 INFO     database        데이터베이스 'poc' 연결 준비 중...
2025-02-18 13:43:58,722 INFO     database        데이터베이스 'poc' 연결 완료
2025-02-18 13:43:58,722 INFO     database        데이터베이스 'xe' 연결 준비 중...
2025-02-18 13:43:58,722 INFO     database        데이터베이스 'xe' 연결 완료
2025-02-18 13:43:58,722 INFO     database        데이터베이스 'poc' 연결 준비 중...
2025-02-18 13:43:58,723 INFO     database        데이터베이스 'poc' 연결 완료
2025-02-18 13:43:59,219 INFO     database        데이터베이스 'xe' 연결 준비 중...
2025-02-18 13:43:59,219 INFO     database        데이터베이스 'xe' 연결 완료
2025-02-18 13:43:59,220 INFO     database        데이터베이스 'poc' 연결 준비 중...
2025-02-18 13:43:59,220 INFO     database        데이터베이스 'poc' 연결 완료
2025-02-18 13:44:00,515 INFO     database        데이터베이스 'xe' 연결 준비 중...
2025-02-18 13:44:00,516 INFO     database        데이터베이스 'xe' 연결 완료
2025-02-18 13:44:00,516 INFO     database        데이터베이스 'poc' 연결 준비 중...
2025-02-18 13:44:00,516 INFO     database        데이터베이스 'poc' 연결 완료
2025-02-18 13:44:00,516 INFO     database        데이터베이스 'xe' 연결 준비 중...
2025-02-18 13:44:00,516 INFO     database        데이터베이스 'xe' 연결 완료
2025-02-18 13:44:00,516 INFO     database        데이터베이스 'poc' 연결 준비 중...
2025-02-18 13:44:00,516 INFO     database        데이터베이스 'poc' 연결 완료
2025-02-18 13:44:01,016 INFO     database        데이터베이스 'xe' 연결 준비 중...
2025-02-18 13:44:01,017 INFO     database        데이터베이스 'xe' 연결 완료
2025-02-18 13:44:01,017 INFO     database        데이터베이스 'poc' 연결 준비 중...
2025-02-18 13:44:01,017 INFO     database        데이터베이스 'poc' 연결 완료
2025-02-18 13:44:03,126 INFO     database        데이터베이스 'xe' 연결 준비 중...
2025-02-18 13:44:03,127 INFO     database        데이터베이스 'xe' 연결 완료
2025-02-18 13:44:03,127 INFO     database        데이터베이스 'poc' 연결 준비 중...
2025-02-18 13:44:03,127 INFO     database        데이터베이스 'poc' 연결 완료
2025-02-18 13:44:03,127 INFO     database        데이터베이스 'xe' 연결 준비 중...
2025-02-18 13:44:03,127 INFO     database        데이터베이스 'xe' 연결 완료
2025-02-18 13:44:03,127 INFO     database        데이터베이스 'poc' 연결 준비 중...
2025-02-18 13:44:03,127 INFO     database        데이터베이스 'poc' 연결 완료
2025-02-18 13:44:03,628 INFO     database        데이터베이스 'xe' 연결 준비 중...
2025-02-18 13:44:03,628 INFO     database        데이터베이스 'xe' 연결 완료
2025-02-18 13:44:03,628 INFO     database        데이터베이스 'poc' 연결 준비 중...
2025-02-18 13:44:03,628 INFO     database        데이터베이스 'poc' 연결 완료
2025-02-18 13:44:56,418 INFO     database        데이터베이스 'xe' 연결 준비 중...
2025-02-18 13:44:56,418 INFO     database        데이터베이스 'xe' 연결 완료
2025-02-18 13:44:56,418 INFO     database        데이터베이스 'poc' 연결 준비 중...
2025-02-18 13:44:56,418 INFO     database        데이터베이스 'poc' 연결 완료
2025-02-18 13:44:56,418 INFO     database        데이터베이스 'xe' 연결 준비 중...
2025-02-18 13:44:56,418 INFO     database        데이터베이스 'xe' 연결 완료
2025-02-18 13:44:56,419 INFO     database        데이터베이스 'poc' 연결 준비 중...
2025-02-18 13:44:56,419 INFO     database        데이터베이스 'poc' 연결 완료
2025-02-18 13:44:57,468 INFO     database        데이터베이스 'xe' 연결 준비 중...
2025-02-18 13:44:57,468 INFO     database        데이터베이스 'xe' 연결 완료
2025-02-18 13:44:57,468 INFO     database        데이터베이스 'poc' 연결 준비 중...
2025-02-18 13:44:57,468 INFO     database        데이터베이스 'poc' 연결 완료
2025-02-18 13:47:56,973 INFO     database        데이터베이스 'xe' 연결 준비 중...
2025-02-18 13:47:56,974 INFO     database        데이터베이스 'xe' 연결 완료
2025-02-18 13:47:56,974 INFO     database        데이터베이스 'poc' 연결 준비 중...
2025-02-18 13:47:56,974 INFO     database        데이터베이스 'poc' 연결 완료
2025-02-18 13:47:56,974 INFO     database        데이터베이스 'xe' 연결 준비 중...
2025-02-18 13:47:56,974 INFO     database        데이터베이스 'xe' 연결 완료
2025-02-18 13:47:56,974 INFO     database        데이터베이스 'poc' 연결 준비 중...
2025-02-18 13:47:56,975 INFO     database        데이터베이스 'poc' 연결 완료
2025-02-18 13:47:58,033 INFO     database        데이터베이스 'xe' 연결 준비 중...
2025-02-18 13:47:58,033 INFO     database        데이터베이스 'xe' 연결 완료
2025-02-18 13:47:58,033 INFO     database        데이터베이스 'poc' 연결 준비 중...
2025-02-18 13:47:58,034 INFO     database        데이터베이스 'poc' 연결 완료
2025-02-18 13:51:12,878 INFO     database        데이터베이스 'xe' 연결 준비 중...
2025-02-18 13:51:12,878 INFO     database        데이터베이스 'xe' 연결 완료
2025-02-18 13:51:12,878 INFO     database        데이터베이스 'poc' 연결 준비 중...
2025-02-18 13:51:12,879 INFO     database        데이터베이스 'poc' 연결 완료
2025-02-18 13:51:12,879 INFO     database        데이터베이스 'xe' 연결 준비 중...
2025-02-18 13:51:12,879 INFO     database        데이터베이스 'xe' 연결 완료
2025-02-18 13:51:12,879 INFO     database        데이터베이스 'poc' 연결 준비 중...
2025-02-18 13:51:12,879 INFO     database        데이터베이스 'poc' 연결 완료
2025-02-18 13:51:13,904 INFO     database        데이터베이스 'xe' 연결 준비 중...
2025-02-18 13:51:13,904 INFO     database        데이터베이스 'xe' 연결 완료
2025-02-18 13:51:13,904 INFO     database        데이터베이스 'poc' 연결 준비 중...
2025-02-18 13:51:13,904 INFO     database        데이터베이스 'poc' 연결 완료
2025-02-18 13:52:24,945 INFO     database        데이터베이스 'xe' 연결 준비 중...
2025-02-18 13:52:24,946 INFO     database        데이터베이스 'xe' 연결 완료
2025-02-18 13:52:24,946 INFO     database        데이터베이스 'poc' 연결 준비 중...
2025-02-18 13:52:24,946 INFO     database        데이터베이스 'poc' 연결 완료
2025-02-18 13:52:24,946 INFO     database        데이터베이스 'xe' 연결 준비 중...
2025-02-18 13:52:24,946 INFO     database        데이터베이스 'xe' 연결 완료
2025-02-18 13:52:24,946 INFO     database        데이터베이스 'poc' 연결 준비 중...
2025-02-18 13:52:24,946 INFO     database        데이터베이스 'poc' 연결 완료
2025-02-18 13:52:26,081 INFO     database        데이터베이스 'xe' 연결 준비 중...
2025-02-18 13:52:26,081 INFO     database        데이터베이스 'xe' 연결 완료
2025-02-18 13:52:26,081 INFO     database        데이터베이스 'poc' 연결 준비 중...
2025-02-18 13:52:26,081 INFO     database        데이터베이스 'poc' 연결 완료
2025-02-18 13:54:48,775 INFO     database        데이터베이스 'xe' 연결 준비 중...
2025-02-18 13:54:48,775 INFO     database        데이터베이스 'xe' 연결 완료
2025-02-18 13:54:48,775 INFO     database        데이터베이스 'poc' 연결 준비 중...
2025-02-18 13:54:48,776 INFO     database        데이터베이스 'poc' 연결 완료
2025-02-18 13:54:48,776 INFO     database        데이터베이스 'xe' 연결 준비 중...
2025-02-18 13:54:48,776 INFO     database        데이터베이스 'xe' 연결 완료
2025-02-18 13:54:48,776 INFO     database        데이터베이스 'poc' 연결 준비 중...
2025-02-18 13:54:48,776 INFO     database        데이터베이스 'poc' 연결 완료
2025-02-18 13:54:49,832 INFO     database        데이터베이스 'xe' 연결 준비 중...
2025-02-18 13:54:49,832 INFO     database        데이터베이스 'xe' 연결 완료
2025-02-18 13:54:49,832 INFO     database        데이터베이스 'poc' 연결 준비 중...
2025-02-18 13:54:49,832 INFO     database        데이터베이스 'poc' 연결 완료
2025-02-18 13:56:09,247 INFO     database        데이터베이스 'xe' 연결 준비 중...
2025-02-18 13:56:09,247 INFO     database        데이터베이스 'xe' 연결 완료
2025-02-18 13:56:09,248 INFO     database        데이터베이스 'poc' 연결 준비 중...
2025-02-18 13:56:09,248 INFO     database        데이터베이스 'poc' 연결 완료
2025-02-18 13:56:09,248 INFO     database        데이터베이스 'xe' 연결 준비 중...
2025-02-18 13:56:09,248 INFO     database        데이터베이스 'xe' 연결 완료
2025-02-18 13:56:09,248 INFO     database        데이터베이스 'poc' 연결 준비 중...
2025-02-18 13:56:09,248 INFO     database        데이터베이스 'poc' 연결 완료
2025-02-18 13:56:10,380 INFO     database        데이터베이스 'xe' 연결 준비 중...
2025-02-18 13:56:10,380 INFO     database        데이터베이스 'xe' 연결 완료
2025-02-18 13:56:10,380 INFO     database        데이터베이스 'poc' 연결 준비 중...
2025-02-18 13:56:10,380 INFO     database        데이터베이스 'poc' 연결 완료
2025-02-18 13:57:22,133 INFO     database        데이터베이스 'xe' 연결 준비 중...
2025-02-18 13:57:22,133 INFO     database        데이터베이스 'xe' 연결 완료
2025-02-18 13:57:22,133 INFO     database        데이터베이스 'poc' 연결 준비 중...
2025-02-18 13:57:22,133 INFO     database        데이터베이스 'poc' 연결 완료
2025-02-18 13:57:22,133 INFO     database        데이터베이스 'xe' 연결 준비 중...
2025-02-18 13:57:22,134 INFO     database        데이터베이스 'xe' 연결 완료
2025-02-18 13:57:22,134 INFO     database        데이터베이스 'poc' 연결 준비 중...
2025-02-18 13:57:22,134 INFO     database        데이터베이스 'poc' 연결 완료
2025-02-18 13:57:23,274 INFO     database        데이터베이스 'xe' 연결 준비 중...
2025-02-18 13:57:23,274 INFO     database        데이터베이스 'xe' 연결 완료
2025-02-18 13:57:23,274 INFO     database        데이터베이스 'poc' 연결 준비 중...
2025-02-18 13:57:23,274 INFO     database        데이터베이스 'poc' 연결 완료
2025-02-18 14:00:53,263 INFO     database        데이터베이스 'xe' 연결 준비 중...
2025-02-18 14:00:53,263 INFO     database        데이터베이스 'xe' 연결 완료
2025-02-18 14:00:53,263 INFO     database        데이터베이스 'poc' 연결 준비 중...
2025-02-18 14:00:53,264 INFO     database        데이터베이스 'poc' 연결 완료
2025-02-18 14:00:53,264 INFO     database        데이터베이스 'xe' 연결 준비 중...
2025-02-18 14:00:53,264 INFO     database        데이터베이스 'xe' 연결 완료
2025-02-18 14:00:53,264 INFO     database        데이터베이스 'poc' 연결 준비 중...
2025-02-18 14:00:53,264 INFO     database        데이터베이스 'poc' 연결 완료
2025-02-18 14:00:54,260 INFO     database        데이터베이스 'xe' 연결 준비 중...
2025-02-18 14:00:54,260 INFO     database        데이터베이스 'xe' 연결 완료
2025-02-18 14:00:54,260 INFO     database        데이터베이스 'poc' 연결 준비 중...
2025-02-18 14:00:54,260 INFO     database        데이터베이스 'poc' 연결 완료
2025-02-18 14:03:54,199 INFO     database        데이터베이스 'xe' 연결 준비 중...
2025-02-18 14:03:54,199 INFO     database        데이터베이스 'xe' 연결 완료
2025-02-18 14:03:54,199 INFO     database        데이터베이스 'poc' 연결 준비 중...
2025-02-18 14:03:54,199 INFO     database        데이터베이스 'poc' 연결 완료
2025-02-18 14:03:54,199 INFO     database        데이터베이스 'xe' 연결 준비 중...
2025-02-18 14:03:54,200 INFO     database        데이터베이스 'xe' 연결 완료
2025-02-18 14:03:54,200 INFO     database        데이터베이스 'poc' 연결 준비 중...
2025-02-18 14:03:54,200 INFO     database        데이터베이스 'poc' 연결 완료
2025-02-18 14:03:55,316 INFO     database        데이터베이스 'xe' 연결 준비 중...
2025-02-18 14:03:55,316 INFO     database        데이터베이스 'xe' 연결 완료
2025-02-18 14:03:55,316 INFO     database        데이터베이스 'poc' 연결 준비 중...
2025-02-18 14:03:55,316 INFO     database        데이터베이스 'poc' 연결 완료
2025-02-18 14:04:51,834 INFO     database        데이터베이스 'xe' 연결 준비 중...
2025-02-18 14:04:51,834 INFO     database        데이터베이스 'xe' 연결 완료
2025-02-18 14:04:51,834 INFO     database        데이터베이스 'poc' 연결 준비 중...
2025-02-18 14:04:51,834 INFO     database        데이터베이스 'poc' 연결 완료
2025-02-18 14:04:51,835 INFO     database        데이터베이스 'xe' 연결 준비 중...
2025-02-18 14:04:51,835 INFO     database        데이터베이스 'xe' 연결 완료
2025-02-18 14:04:51,835 INFO     database        데이터베이스 'poc' 연결 준비 중...
2025-02-18 14:04:51,835 INFO     database        데이터베이스 'poc' 연결 완료
2025-02-18 14:04:52,840 INFO     database        데이터베이스 'xe' 연결 준비 중...
2025-02-18 14:04:52,840 INFO     database        데이터베이스 'xe' 연결 완료
2025-02-18 14:04:52,840 INFO     database        데이터베이스 'poc' 연결 준비 중...
2025-02-18 14:04:52,841 INFO     database        데이터베이스 'poc' 연결 완료
2025-02-18 14:05:44,134 INFO     database        데이터베이스 'xe' 연결 준비 중...
2025-02-18 14:05:44,135 INFO     database        데이터베이스 'xe' 연결 완료
2025-02-18 14:05:44,135 INFO     database        데이터베이스 'poc' 연결 준비 중...
2025-02-18 14:05:44,135 INFO     database        데이터베이스 'poc' 연결 완료
2025-02-18 14:05:44,135 INFO     database        데이터베이스 'xe' 연결 준비 중...
2025-02-18 14:05:44,135 INFO     database        데이터베이스 'xe' 연결 완료
2025-02-18 14:05:44,135 INFO     database        데이터베이스 'poc' 연결 준비 중...
2025-02-18 14:05:44,136 INFO     database        데이터베이스 'poc' 연결 완료
2025-02-18 14:05:45,199 INFO     database        데이터베이스 'xe' 연결 준비 중...
2025-02-18 14:05:45,199 INFO     database        데이터베이스 'xe' 연결 완료
2025-02-18 14:05:45,199 INFO     database        데이터베이스 'poc' 연결 준비 중...
2025-02-18 14:05:45,199 INFO     database        데이터베이스 'poc' 연결 완료
2025-02-18 14:09:28,066 INFO     database        데이터베이스 'xe' 연결 준비 중...
2025-02-18 14:09:28,066 INFO     database        데이터베이스 'xe' 연결 완료
2025-02-18 14:09:28,066 INFO     database        데이터베이스 'poc' 연결 준비 중...
2025-02-18 14:09:28,066 INFO     database        데이터베이스 'poc' 연결 완료
2025-02-18 14:09:28,067 INFO     database        데이터베이스 'xe' 연결 준비 중...
2025-02-18 14:09:28,067 INFO     database        데이터베이스 'xe' 연결 완료
2025-02-18 14:09:28,067 INFO     database        데이터베이스 'poc' 연결 준비 중...
2025-02-18 14:09:28,067 INFO     database        데이터베이스 'poc' 연결 완료
2025-02-18 14:09:29,147 INFO     database        데이터베이스 'xe' 연결 준비 중...
2025-02-18 14:09:29,147 INFO     database        데이터베이스 'xe' 연결 완료
2025-02-18 14:09:29,147 INFO     database        데이터베이스 'poc' 연결 준비 중...
2025-02-18 14:09:29,147 INFO     database        데이터베이스 'poc' 연결 완료
2025-02-18 14:10:16,636 INFO     database        데이터베이스 'xe' 연결 준비 중...
2025-02-18 14:10:16,637 INFO     database        데이터베이스 'xe' 연결 완료
2025-02-18 14:10:16,637 INFO     database        데이터베이스 'poc' 연결 준비 중...
2025-02-18 14:10:16,637 INFO     database        데이터베이스 'poc' 연결 완료
2025-02-18 14:10:16,637 INFO     database        데이터베이스 'xe' 연결 준비 중...
2025-02-18 14:10:16,637 INFO     database        데이터베이스 'xe' 연결 완료
2025-02-18 14:10:16,637 INFO     database        데이터베이스 'poc' 연결 준비 중...
2025-02-18 14:10:16,637 INFO     database        데이터베이스 'poc' 연결 완료
2025-02-18 14:10:17,644 INFO     database        데이터베이스 'xe' 연결 준비 중...
2025-02-18 14:10:17,644 INFO     database        데이터베이스 'xe' 연결 완료
2025-02-18 14:10:17,644 INFO     database        데이터베이스 'poc' 연결 준비 중...
2025-02-18 14:10:17,644 INFO     database        데이터베이스 'poc' 연결 완료
2025-02-18 14:11:26,424 INFO     database        데이터베이스 'xe' 연결 준비 중...
2025-02-18 14:11:26,424 INFO     database        데이터베이스 'xe' 연결 완료
2025-02-18 14:11:26,424 INFO     database        데이터베이스 'poc' 연결 준비 중...
2025-02-18 14:11:26,425 INFO     database        데이터베이스 'poc' 연결 완료
2025-02-18 14:11:26,425 INFO     database        데이터베이스 'xe' 연결 준비 중...
2025-02-18 14:11:26,425 INFO     database        데이터베이스 'xe' 연결 완료
2025-02-18 14:11:26,425 INFO     database        데이터베이스 'poc' 연결 준비 중...
2025-02-18 14:11:26,425 INFO     database        데이터베이스 'poc' 연결 완료
2025-02-18 14:11:27,446 INFO     database        데이터베이스 'xe' 연결 준비 중...
2025-02-18 14:11:27,446 INFO     database        데이터베이스 'xe' 연결 완료
2025-02-18 14:11:27,446 INFO     database        데이터베이스 'poc' 연결 준비 중...
2025-02-18 14:11:27,446 INFO     database        데이터베이스 'poc' 연결 완료
2025-02-18 14:12:47,444 INFO     database        데이터베이스 'xe' 연결 준비 중...
2025-02-18 14:12:47,444 INFO     database        데이터베이스 'xe' 연결 완료
2025-02-18 14:12:47,444 INFO     database        데이터베이스 'poc' 연결 준비 중...
2025-02-18 14:12:47,444 INFO     database        데이터베이스 'poc' 연결 완료
2025-02-18 14:12:47,444 INFO     database        데이터베이스 'xe' 연결 준비 중...
2025-02-18 14:12:47,445 INFO     database        데이터베이스 'xe' 연결 완료
2025-02-18 14:12:47,445 INFO     database        데이터베이스 'poc' 연결 준비 중...
2025-02-18 14:12:47,445 INFO     database        데이터베이스 'poc' 연결 완료
2025-02-18 14:12:48,453 INFO     database        데이터베이스 'xe' 연결 준비 중...
2025-02-18 14:12:48,453 INFO     database        데이터베이스 'xe' 연결 완료
2025-02-18 14:12:48,453 INFO     database        데이터베이스 'poc' 연결 준비 중...
2025-02-18 14:12:48,454 INFO     database        데이터베이스 'poc' 연결 완료
2025-02-18 14:14:11,294 INFO     database        데이터베이스 'xe' 연결 준비 중...
2025-02-18 14:14:11,294 INFO     database        데이터베이스 'xe' 연결 완료
2025-02-18 14:14:11,294 INFO     database        데이터베이스 'poc' 연결 준비 중...
2025-02-18 14:14:11,295 INFO     database        데이터베이스 'poc' 연결 완료
2025-02-18 14:14:11,295 INFO     database        데이터베이스 'xe' 연결 준비 중...
2025-02-18 14:14:11,295 INFO     database        데이터베이스 'xe' 연결 완료
2025-02-18 14:14:11,295 INFO     database        데이터베이스 'poc' 연결 준비 중...
2025-02-18 14:14:11,295 INFO     database        데이터베이스 'poc' 연결 완료
2025-02-18 14:14:12,304 INFO     database        데이터베이스 'xe' 연결 준비 중...
2025-02-18 14:14:12,304 INFO     database        데이터베이스 'xe' 연결 완료
2025-02-18 14:14:12,304 INFO     database        데이터베이스 'poc' 연결 준비 중...
2025-02-18 14:14:12,305 INFO     database        데이터베이스 'poc' 연결 완료
2025-02-18 14:16:22,932 INFO     database        데이터베이스 'xe' 연결 준비 중...
2025-02-18 14:16:22,933 INFO     database        데이터베이스 'xe' 연결 완료
2025-02-18 14:16:22,933 INFO     database        데이터베이스 'poc' 연결 준비 중...
2025-02-18 14:16:22,933 INFO     database        데이터베이스 'poc' 연결 완료
2025-02-18 14:16:22,933 INFO     database        데이터베이스 'xe' 연결 준비 중...
2025-02-18 14:16:22,933 INFO     database        데이터베이스 'xe' 연결 완료
2025-02-18 14:16:22,933 INFO     database        데이터베이스 'poc' 연결 준비 중...
2025-02-18 14:16:22,933 INFO     database        데이터베이스 'poc' 연결 완료
2025-02-18 14:16:23,951 INFO     database        데이터베이스 'xe' 연결 준비 중...
2025-02-18 14:16:23,952 INFO     database        데이터베이스 'xe' 연결 완료
2025-02-18 14:16:23,952 INFO     database        데이터베이스 'poc' 연결 준비 중...
2025-02-18 14:16:23,952 INFO     database        데이터베이스 'poc' 연결 완료
2025-02-18 14:28:02,824 INFO     database        데이터베이스 'xe' 연결 준비 중...
2025-02-18 14:28:02,824 INFO     database        데이터베이스 'xe' 연결 완료
2025-02-18 14:28:02,824 INFO     database        데이터베이스 'poc' 연결 준비 중...
2025-02-18 14:28:02,825 INFO     database        데이터베이스 'poc' 연결 완료
2025-02-18 14:28:02,825 INFO     database        데이터베이스 'xe' 연결 준비 중...
2025-02-18 14:28:02,825 INFO     database        데이터베이스 'xe' 연결 완료
2025-02-18 14:28:02,825 INFO     database        데이터베이스 'poc' 연결 준비 중...
2025-02-18 14:28:02,825 INFO     database        데이터베이스 'poc' 연결 완료
2025-02-18 14:28:04,263 INFO     database        테이블 'NOTICE_BOARD' 이미 존재함
2025-02-18 14:30:05,355 INFO     database        데이터베이스 'xe' 연결 준비 중...
2025-02-18 14:30:05,356 INFO     database        데이터베이스 'xe' 연결 완료
2025-02-18 14:30:05,356 INFO     database        데이터베이스 'poc' 연결 준비 중...
2025-02-18 14:30:05,356 INFO     database        데이터베이스 'poc' 연결 완료
2025-02-18 14:30:05,356 INFO     database        데이터베이스 'xe' 연결 준비 중...
2025-02-18 14:30:05,356 INFO     database        데이터베이스 'xe' 연결 완료
2025-02-18 14:30:05,356 INFO     database        데이터베이스 'poc' 연결 준비 중...
2025-02-18 14:30:05,356 INFO     database        데이터베이스 'poc' 연결 완료
2025-02-18 14:30:06,400 INFO     database        테이블 'NOTICE_BOARD' 이미 존재함
2025-02-18 14:31:47,367 INFO     database        데이터베이스 'xe' 연결 준비 중...
2025-02-18 14:31:47,367 INFO     database        데이터베이스 'xe' 연결 완료
2025-02-18 14:31:47,367 INFO     database        데이터베이스 'poc' 연결 준비 중...
2025-02-18 14:31:47,367 INFO     database        데이터베이스 'poc' 연결 완료
2025-02-18 14:31:47,367 INFO     database        데이터베이스 'xe' 연결 준비 중...
2025-02-18 14:31:47,368 INFO     database        데이터베이스 'xe' 연결 완료
2025-02-18 14:31:47,368 INFO     database        데이터베이스 'poc' 연결 준비 중...
2025-02-18 14:31:47,368 INFO     database        데이터베이스 'poc' 연결 완료
2025-02-18 14:31:48,413 INFO     database        테이블 'NOTICE_BOARD' 이미 존재함
2025-02-18 14:33:19,334 INFO     database        데이터베이스 'xe' 연결 준비 중...
2025-02-18 14:33:19,334 INFO     database        데이터베이스 'xe' 연결 완료
2025-02-18 14:33:19,334 INFO     database        데이터베이스 'poc' 연결 준비 중...
2025-02-18 14:33:19,334 INFO     database        데이터베이스 'poc' 연결 완료
2025-02-18 14:33:19,334 INFO     database        데이터베이스 'xe' 연결 준비 중...
2025-02-18 14:33:19,334 INFO     database        데이터베이스 'xe' 연결 완료
2025-02-18 14:33:19,335 INFO     database        데이터베이스 'poc' 연결 준비 중...
2025-02-18 14:33:19,335 INFO     database        데이터베이스 'poc' 연결 완료
2025-02-18 14:33:20,487 INFO     database        테이블 'NOTICE_BOARD' 이미 존재함
2025-02-18 14:34:21,046 INFO     database        데이터베이스 'xe' 연결 준비 중...
2025-02-18 14:34:21,047 INFO     database        데이터베이스 'xe' 연결 완료
2025-02-18 14:34:21,047 INFO     database        데이터베이스 'poc' 연결 준비 중...
2025-02-18 14:34:21,047 INFO     database        데이터베이스 'poc' 연결 완료
2025-02-18 14:34:21,047 INFO     database        데이터베이스 'xe' 연결 준비 중...
2025-02-18 14:34:21,047 INFO     database        데이터베이스 'xe' 연결 완료
2025-02-18 14:34:21,047 INFO     database        데이터베이스 'poc' 연결 준비 중...
2025-02-18 14:34:21,047 INFO     database        데이터베이스 'poc' 연결 완료
2025-02-18 14:34:22,107 INFO     database        테이블 'NOTICE_BOARD' 이미 존재함
2025-02-18 14:39:22,148 INFO     database        데이터베이스 'xe' 연결 준비 중...
2025-02-18 14:39:22,149 INFO     database        데이터베이스 'xe' 연결 완료
2025-02-18 14:39:22,149 INFO     database        데이터베이스 'poc' 연결 준비 중...
2025-02-18 14:39:22,149 INFO     database        데이터베이스 'poc' 연결 완료
2025-02-18 14:39:22,149 INFO     database        데이터베이스 'xe' 연결 준비 중...
2025-02-18 14:39:22,149 INFO     database        데이터베이스 'xe' 연결 완료
2025-02-18 14:39:22,149 INFO     database        데이터베이스 'poc' 연결 준비 중...
2025-02-18 14:39:22,149 INFO     database        데이터베이스 'poc' 연결 완료
2025-02-18 14:39:23,211 INFO     database        테이블 'NOTICE_BOARD' 이미 존재함
2025-02-18 14:41:07,990 INFO     database        데이터베이스 'xe' 연결 준비 중...
2025-02-18 14:41:07,990 INFO     database        데이터베이스 'xe' 연결 완료
2025-02-18 14:41:07,990 INFO     database        데이터베이스 'poc' 연결 준비 중...
2025-02-18 14:41:07,990 INFO     database        데이터베이스 'poc' 연결 완료
2025-02-18 14:41:07,990 INFO     database        데이터베이스 'xe' 연결 준비 중...
2025-02-18 14:41:07,991 INFO     database        데이터베이스 'xe' 연결 완료
2025-02-18 14:41:07,991 INFO     database        데이터베이스 'poc' 연결 준비 중...
2025-02-18 14:41:07,991 INFO     database        데이터베이스 'poc' 연결 완료
2025-02-18 14:41:09,023 INFO     database        테이블 'NOTICE_BOARD' 이미 존재함
